This file contains any messages produced by compilers while
running configure, to aid debugging if configure makes a mistake.

It was created by slurm_showq configure 0.10.0, which was
generated by GNU Autoconf 2.63.  Invocation command line was

  $ ./configure --prefix=/n/home13/pedmon/showq-slurm/bin CXX=icpc CC=icc

## --------- ##
## Platform. ##
## --------- ##

hostname = itc011.rc.fas.harvard.edu
uname -m = x86_64
uname -r = 2.6.32-279.19.1.el6.x86_64
uname -s = Linux
uname -v = #1 SMP Wed Dec 19 07:05:20 UTC 2012

/usr/bin/uname -p = unknown
/bin/uname -X     = unknown

/bin/arch              = x86_64
/usr/bin/arch -k       = unknown
/usr/convex/getsysinfo = unknown
/usr/bin/hostinfo      = unknown
/bin/machine           = unknown
/usr/bin/oslevel       = unknown
/bin/universe          = unknown

PATH: /n/sw/gnuplot-4.6.0/bin
PATH: /n/sw/rc/bin
PATH: /n/sw/centos6/openmpi-1.6.4_intel-13.0.079/bin
PATH: /n/sw/intel_cluster_studio-2013/bin
PATH: /usr/lib64/qt-3.3/bin
PATH: /lsf/7.0/linux2.6-glibc2.3-x86_64/etc
PATH: /lsf/7.0/linux2.6-glibc2.3-x86_64/bin
PATH: /usr/local/bin
PATH: /bin
PATH: /usr/bin
PATH: /n/home00/pedmon/wombat2/tools/ff_utils/
PATH: /n/home14/pedmon/bin


## ----------- ##
## Core tests. ##
## ----------- ##

configure:1890: checking for a BSD-compatible install
configure:1958: result: /usr/bin/install -c
configure:1969: checking whether build environment is sane
configure:2029: result: yes
configure:2170: checking for a thread-safe mkdir -p
configure:2209: result: /bin/mkdir -p
configure:2222: checking for gawk
configure:2238: found /bin/gawk
configure:2249: result: gawk
configure:2260: checking whether make sets $(MAKE)
configure:2282: result: yes
configure:2478: checking for C++ compiler version
configure:2486: icpc --version >&5
icpc (ICC) 13.0.0 20120731
Copyright (C) 1985-2012 Intel Corporation.  All rights reserved.

configure:2490: $? = 0
configure:2497: icpc -v >&5
icpc version 13.0.0 (gcc version 4.4.6 compatibility)
configure:2501: $? = 0
configure:2508: icpc -V >&5
Intel(R) C++ Intel(R) 64 Compiler XE for applications running on Intel(R) 64, Version 13.0 Build 20120731
Copyright (C) 1985-2012 Intel Corporation.  All rights reserved.

configure:2512: $? = 0
configure:2535: checking for C++ compiler default output file name
configure:2557: icpc    conftest.cpp  >&5
configure:2561: $? = 0
configure:2599: result: a.out
configure:2618: checking whether the C++ compiler works
configure:2628: ./a.out
configure:2632: $? = 0
configure:2651: result: yes
configure:2658: checking whether we are cross compiling
configure:2660: result: no
configure:2663: checking for suffix of executables
configure:2670: icpc -o conftest    conftest.cpp  >&5
configure:2674: $? = 0
configure:2700: result: 
configure:2706: checking for suffix of object files
configure:2732: icpc -c   conftest.cpp >&5
configure:2736: $? = 0
configure:2761: result: o
configure:2765: checking whether we are using the GNU C++ compiler
configure:2794: icpc -c   conftest.cpp >&5
configure:2801: $? = 0
configure:2818: result: yes
configure:2827: checking whether icpc accepts -g
configure:2857: icpc -c -g  conftest.cpp >&5
configure:2864: $? = 0
configure:2965: result: yes
configure:2999: checking for style of include used by make
configure:3027: result: GNU
configure:3052: checking dependency style of icpc
configure:3162: result: gcc3
configure:3240: checking for gcc
configure:3267: result: icc
configure:3499: checking for C compiler version
configure:3507: icc --version >&5
icc (ICC) 13.0.0 20120731
Copyright (C) 1985-2012 Intel Corporation.  All rights reserved.

configure:3511: $? = 0
configure:3518: icc -v >&5
icc version 13.0.0 (gcc version 4.4.6 compatibility)
configure:3522: $? = 0
configure:3529: icc -V >&5
Intel(R) C Intel(R) 64 Compiler XE for applications running on Intel(R) 64, Version 13.0 Build 20120731
Copyright (C) 1985-2012 Intel Corporation.  All rights reserved.

configure:3533: $? = 0
configure:3536: checking whether we are using the GNU C compiler
configure:3565: icc -c    conftest.c >&5
configure:3572: $? = 0
configure:3589: result: yes
configure:3598: checking whether icc accepts -g
configure:3628: icc -c -g   conftest.c >&5
configure:3635: $? = 0
configure:3736: result: yes
configure:3753: checking for icc option to accept ISO C89
configure:3827: icc  -c -g -O2   conftest.c >&5
configure:3834: $? = 0
configure:3857: result: none needed
configure:3877: checking dependency style of icc
configure:3987: result: gcc3
configure:4008: checking how to run the C preprocessor
configure:4048: icc -E   conftest.c
configure:4055: $? = 0
configure:4086: icc -E   conftest.c
conftest.c(10): error #2379: cannot open source file "ac_nonexistent.h"
  #include <ac_nonexistent.h>
                             ^

configure:4093: $? = 2
configure: failed program was:
| /* confdefs.h.  */
| #define PACKAGE_NAME "slurm_showq"
| #define PACKAGE_TARNAME "slurm_showq"
| #define PACKAGE_VERSION "0.10.0"
| #define PACKAGE_STRING "slurm_showq 0.10.0"
| #define PACKAGE_BUGREPORT "karl@tacc.utexas.edu"
| #define PACKAGE "slurm_showq"
| #define VERSION "0.10.0"
| /* end confdefs.h.  */
| #include <ac_nonexistent.h>
configure:4126: result: icc -E
configure:4155: icc -E   conftest.c
configure:4162: $? = 0
configure:4193: icc -E   conftest.c
conftest.c(10): error #2379: cannot open source file "ac_nonexistent.h"
  #include <ac_nonexistent.h>
                             ^

configure:4200: $? = 2
configure: failed program was:
| /* confdefs.h.  */
| #define PACKAGE_NAME "slurm_showq"
| #define PACKAGE_TARNAME "slurm_showq"
| #define PACKAGE_VERSION "0.10.0"
| #define PACKAGE_STRING "slurm_showq 0.10.0"
| #define PACKAGE_BUGREPORT "karl@tacc.utexas.edu"
| #define PACKAGE "slurm_showq"
| #define VERSION "0.10.0"
| /* end confdefs.h.  */
| #include <ac_nonexistent.h>
configure:4240: checking for grep that handles long lines and -e
configure:4300: result: /bin/grep
configure:4305: checking for egrep
configure:4369: result: /bin/grep -E
configure:4374: checking for ANSI C header files
configure:4404: icc -c -g -O2   conftest.c >&5
configure:4411: $? = 0
configure:4510: icc -o conftest -g -O2     conftest.c  >&5
configure:4514: $? = 0
configure:4520: ./conftest
configure:4524: $? = 0
configure:4542: result: yes
configure:4566: checking for sys/types.h
configure:4587: icc -c -g -O2   conftest.c >&5
configure:4594: $? = 0
configure:4611: result: yes
configure:4566: checking for sys/stat.h
configure:4587: icc -c -g -O2   conftest.c >&5
configure:4594: $? = 0
configure:4611: result: yes
configure:4566: checking for stdlib.h
configure:4587: icc -c -g -O2   conftest.c >&5
configure:4594: $? = 0
configure:4611: result: yes
configure:4566: checking for string.h
configure:4587: icc -c -g -O2   conftest.c >&5
configure:4594: $? = 0
configure:4611: result: yes
configure:4566: checking for memory.h
configure:4587: icc -c -g -O2   conftest.c >&5
configure:4594: $? = 0
configure:4611: result: yes
configure:4566: checking for strings.h
configure:4587: icc -c -g -O2   conftest.c >&5
configure:4594: $? = 0
configure:4611: result: yes
configure:4566: checking for inttypes.h
configure:4587: icc -c -g -O2   conftest.c >&5
configure:4594: $? = 0
configure:4611: result: yes
configure:4566: checking for stdint.h
configure:4587: icc -c -g -O2   conftest.c >&5
configure:4594: $? = 0
configure:4611: result: yes
configure:4566: checking for unistd.h
configure:4587: icc -c -g -O2   conftest.c >&5
configure:4594: $? = 0
configure:4611: result: yes
configure:4641: checking slurm/slurm.h usability
configure:4658: icc -c -g -O2   conftest.c >&5
configure:4665: $? = 0
configure:4679: result: yes
configure:4683: checking slurm/slurm.h presence
configure:4698: icc -E   conftest.c
configure:4705: $? = 0
configure:4719: result: yes
configure:4752: checking for slurm/slurm.h
configure:4761: result: yes
configure:4787: checking for unistd.h
configure:4794: result: yes
configure:4935: checking for stdbool.h that conforms to C99
configure:5030: icc -c -g -O2   conftest.c >&5
conftest.c(77): warning #175: subscript out of range
  	 int xlcbug = 1 / (&(digs + 5)[-2 + (bool) 1] == &digs[4] ? 1 : -1);
  	                              ^

configure:5037: $? = 0
configure:5052: result: yes
configure:5054: checking for _Bool
configure:5082: icc -c -g -O2   conftest.c >&5
configure:5089: $? = 0
configure:5116: icc -c -g -O2   conftest.c >&5
conftest.c(58): error: expected an expression
  if (sizeof ((_Bool)))
                     ^

compilation aborted for conftest.c (code 2)
configure:5123: $? = 2
configure: failed program was:
| /* confdefs.h.  */
| #define PACKAGE_NAME "slurm_showq"
| #define PACKAGE_TARNAME "slurm_showq"
| #define PACKAGE_VERSION "0.10.0"
| #define PACKAGE_STRING "slurm_showq 0.10.0"
| #define PACKAGE_BUGREPORT "karl@tacc.utexas.edu"
| #define PACKAGE "slurm_showq"
| #define VERSION "0.10.0"
| #define STDC_HEADERS 1
| #define HAVE_SYS_TYPES_H 1
| #define HAVE_SYS_STAT_H 1
| #define HAVE_STDLIB_H 1
| #define HAVE_STRING_H 1
| #define HAVE_MEMORY_H 1
| #define HAVE_STRINGS_H 1
| #define HAVE_INTTYPES_H 1
| #define HAVE_STDINT_H 1
| #define HAVE_UNISTD_H 1
| #define HAVE_SLURM_SLURM_H 1
| #define HAVE_UNISTD_H 1
| /* end confdefs.h.  */
| #include <stdio.h>
| #ifdef HAVE_SYS_TYPES_H
| # include <sys/types.h>
| #endif
| #ifdef HAVE_SYS_STAT_H
| # include <sys/stat.h>
| #endif
| #ifdef STDC_HEADERS
| # include <stdlib.h>
| # include <stddef.h>
| #else
| # ifdef HAVE_STDLIB_H
| #  include <stdlib.h>
| # endif
| #endif
| #ifdef HAVE_STRING_H
| # if !defined STDC_HEADERS && defined HAVE_MEMORY_H
| #  include <memory.h>
| # endif
| # include <string.h>
| #endif
| #ifdef HAVE_STRINGS_H
| # include <strings.h>
| #endif
| #ifdef HAVE_INTTYPES_H
| # include <inttypes.h>
| #endif
| #ifdef HAVE_STDINT_H
| # include <stdint.h>
| #endif
| #ifdef HAVE_UNISTD_H
| # include <unistd.h>
| #endif
| int
| main ()
| {
| if (sizeof ((_Bool)))
| 	  return 0;
|   ;
|   return 0;
| }
configure:5146: result: yes
configure:5165: checking for uid_t in sys/types.h
configure:5188: result: yes
configure:5204: checking for uint32_t
configure:5235: icc -c -g -O2   conftest.c >&5
configure:5242: $? = 0
configure:5263: result: yes
configure:5287: checking for strdup
configure:5343: icc -o conftest -g -O2     conftest.c  >&5
configure:5350: $? = 0
configure:5372: result: yes
configure:5287: checking for strstr
configure:5343: icc -o conftest -g -O2     conftest.c  >&5
configure:5350: $? = 0
configure:5372: result: yes
configure:5518: creating ./config.status

## ---------------------- ##
## Running config.status. ##
## ---------------------- ##

This file was extended by slurm_showq config.status 0.10.0, which was
generated by GNU Autoconf 2.63.  Invocation command line was

  CONFIG_FILES    = 
  CONFIG_HEADERS  = 
  CONFIG_LINKS    = 
  CONFIG_COMMANDS = 
  $ ./config.status 

on itc011.rc.fas.harvard.edu

config.status:783: creating Makefile
config.status:783: creating config.h
config.status:1005: config.h is unchanged
config.status:1057: executing depfiles commands

## ---------------- ##
## Cache variables. ##
## ---------------- ##

ac_cv_c_compiler_gnu=yes
ac_cv_c_uint32_t=yes
ac_cv_cxx_compiler_gnu=yes
ac_cv_env_CCC_set=
ac_cv_env_CCC_value=
ac_cv_env_CC_set=set
ac_cv_env_CC_value=icc
ac_cv_env_CFLAGS_set=
ac_cv_env_CFLAGS_value=
ac_cv_env_CPPFLAGS_set=
ac_cv_env_CPPFLAGS_value=
ac_cv_env_CPP_set=
ac_cv_env_CPP_value=
ac_cv_env_CXXFLAGS_set=
ac_cv_env_CXXFLAGS_value=
ac_cv_env_CXX_set=set
ac_cv_env_CXX_value=icpc
ac_cv_env_LDFLAGS_set=
ac_cv_env_LDFLAGS_value=
ac_cv_env_LIBS_set=
ac_cv_env_LIBS_value=
ac_cv_env_build_alias_set=
ac_cv_env_build_alias_value=
ac_cv_env_host_alias_set=
ac_cv_env_host_alias_value=
ac_cv_env_target_alias_set=
ac_cv_env_target_alias_value=
ac_cv_func_strdup=yes
ac_cv_func_strstr=yes
ac_cv_header_inttypes_h=yes
ac_cv_header_memory_h=yes
ac_cv_header_slurm_slurm_h=yes
ac_cv_header_stdbool_h=yes
ac_cv_header_stdc=yes
ac_cv_header_stdint_h=yes
ac_cv_header_stdlib_h=yes
ac_cv_header_string_h=yes
ac_cv_header_strings_h=yes
ac_cv_header_sys_stat_h=yes
ac_cv_header_sys_types_h=yes
ac_cv_header_unistd_h=yes
ac_cv_objext=o
ac_cv_path_EGREP='/bin/grep -E'
ac_cv_path_GREP=/bin/grep
ac_cv_path_install='/usr/bin/install -c'
ac_cv_path_mkdir=/bin/mkdir
ac_cv_prog_AWK=gawk
ac_cv_prog_CPP='icc -E'
ac_cv_prog_ac_ct_CC=icc
ac_cv_prog_cc_c89=
ac_cv_prog_cc_g=yes
ac_cv_prog_cxx_g=yes
ac_cv_prog_make_make_set=yes
ac_cv_type__Bool=yes
ac_cv_type_uid_t=yes
am_cv_CC_dependencies_compiler_type=gcc3
am_cv_CXX_dependencies_compiler_type=gcc3

## ----------------- ##
## Output variables. ##
## ----------------- ##

ACLOCAL='${SHELL} /n/home14/pedmon/showq-slurm/slurm_showq-0.11.0/build-aux/missing --run aclocal-1.11'
AMDEPBACKSLASH='\'
AMDEP_FALSE='#'
AMDEP_TRUE=''
AMTAR='${SHELL} /n/home14/pedmon/showq-slurm/slurm_showq-0.11.0/build-aux/missing --run tar'
AUTOCONF='${SHELL} /n/home14/pedmon/showq-slurm/slurm_showq-0.11.0/build-aux/missing --run autoconf'
AUTOHEADER='${SHELL} /n/home14/pedmon/showq-slurm/slurm_showq-0.11.0/build-aux/missing --run autoheader'
AUTOMAKE='${SHELL} /n/home14/pedmon/showq-slurm/slurm_showq-0.11.0/build-aux/missing --run automake-1.11'
AWK='gawk'
CC='icc'
CCDEPMODE='depmode=gcc3'
CFLAGS='-g -O2'
CPP='icc -E'
CPPFLAGS=' '
CXX='icpc'
CXXDEPMODE='depmode=gcc3'
CXXFLAGS='-g -O2'
CYGPATH_W='echo'
DEFS='-DHAVE_CONFIG_H'
DEPDIR='.deps'
ECHO_C=''
ECHO_N='-n'
ECHO_T=''
EGREP='/bin/grep -E'
EXEEXT=''
GREP='/bin/grep'
INSTALL_DATA='${INSTALL} -m 644'
INSTALL_PROGRAM='${INSTALL}'
INSTALL_SCRIPT='${INSTALL}'
INSTALL_STRIP_PROGRAM='$(install_sh) -c -s'
LDFLAGS=' '
LIBOBJS=''
LIBS=''
LTLIBOBJS=''
MAKEINFO='${SHELL} /n/home14/pedmon/showq-slurm/slurm_showq-0.11.0/build-aux/missing --run makeinfo'
MKDIR_P='/bin/mkdir -p'
OBJEXT='o'
PACKAGE='slurm_showq'
PACKAGE_BUGREPORT='karl@tacc.utexas.edu'
PACKAGE_NAME='slurm_showq'
PACKAGE_STRING='slurm_showq 0.10.0'
PACKAGE_TARNAME='slurm_showq'
PACKAGE_VERSION='0.10.0'
PATH_SEPARATOR=':'
SET_MAKE=''
SHELL='/bin/sh'
STRIP=''
VERSION='0.10.0'
ac_ct_CC='icc'
ac_ct_CXX=''
am__EXEEXT_FALSE=''
am__EXEEXT_TRUE='#'
am__fastdepCC_FALSE='#'
am__fastdepCC_TRUE=''
am__fastdepCXX_FALSE='#'
am__fastdepCXX_TRUE=''
am__include='include'
am__isrc=''
am__leading_dot='.'
am__quote=''
am__tar='${AMTAR} chof - "$$tardir"'
am__untar='${AMTAR} xf -'
bindir='${exec_prefix}/bin'
build_alias=''
datadir='${datarootdir}'
datarootdir='${prefix}/share'
docdir='${datarootdir}/doc/${PACKAGE_TARNAME}'
dvidir='${docdir}'
exec_prefix='${prefix}'
host_alias=''
htmldir='${docdir}'
includedir='${prefix}/include'
infodir='${datarootdir}/info'
install_sh='${SHELL} /n/home14/pedmon/showq-slurm/slurm_showq-0.11.0/build-aux/install-sh'
libdir='${exec_prefix}/lib'
libexecdir='${exec_prefix}/libexec'
localedir='${datarootdir}/locale'
localstatedir='${prefix}/var'
mandir='${datarootdir}/man'
mkdir_p='/bin/mkdir -p'
oldincludedir='/usr/include'
pdfdir='${docdir}'
prefix='/n/home13/pedmon/showq-slurm/bin'
program_transform_name='s,x,x,'
psdir='${docdir}'
sbindir='${exec_prefix}/sbin'
sharedstatedir='${prefix}/com'
sysconfdir='${prefix}/etc'
target_alias=''

## ----------- ##
## confdefs.h. ##
## ----------- ##

#define PACKAGE_NAME "slurm_showq"
#define PACKAGE_TARNAME "slurm_showq"
#define PACKAGE_VERSION "0.10.0"
#define PACKAGE_STRING "slurm_showq 0.10.0"
#define PACKAGE_BUGREPORT "karl@tacc.utexas.edu"
#define PACKAGE "slurm_showq"
#define VERSION "0.10.0"
#define STDC_HEADERS 1
#define HAVE_SYS_TYPES_H 1
#define HAVE_SYS_STAT_H 1
#define HAVE_STDLIB_H 1
#define HAVE_STRING_H 1
#define HAVE_MEMORY_H 1
#define HAVE_STRINGS_H 1
#define HAVE_INTTYPES_H 1
#define HAVE_STDINT_H 1
#define HAVE_UNISTD_H 1
#define HAVE_SLURM_SLURM_H 1
#define HAVE_UNISTD_H 1
#define HAVE__BOOL 1
#define HAVE_STDBOOL_H 1
#define HAVE_STRDUP 1
#define HAVE_STRSTR 1

configure: exit 0
